pipewire
pipewire-alsa
pipewire-audio
pipewire-jack
pipewire-pulse
gst-plugin-pipewire
wireplumber
pavucontrol
pamixer
networkmanager
network-manager-applet
bluez
bluez-utils
blueman
brightnessctl
udiskie
amd-ucode
mesa
lib32-mesa 
vulkan-radeon 
lib32-vulkan-radeon 
libva-mesa-driver 
lib32-libva-mesa-driver 
vulkan-mesa-layers 
opencl-rusticl-mesa 
lib32-opencl-rusticl-mesa
qt5-quickcontrols
qt5-quickcontrols2
qt5-graphicaleffects
hyprland
hypridle
hyprlock
hyprpaper
dunst
rofi-wayland
polkit-gnome
xdg-desktop-portal-hyprland
pacman-contrib
parallel
jq
qt5-imageformats
libnotify
xorg-xhost
ttf-nerd-fonts-symbols
nwg-look
qt5ct
qt6ct
kvantum
kvantum-qt5
qt5-wayland
qt6-wayland
xdg-desktop-portal-gtk
ttf-liberation
obsidian
timeshift
firefox
kitty
thunar
gvfs
file-roller
vim
telegram-desktop
fish
fastfetch
qbittorrent
obs-studio
steam 
slurp
grim
wl-clipboard
satty
